Cannot exec 'kbndashboard-import.sh': No such file or directory
curl: (56) Recv failure: Connection reset by peer
cannot connect to localhost:5605, will retry in 5 sec ..
curl: (56) Recv failure: Connection reset by peer
cannot connect to localhost:5605, will retry in 5 sec ..
curl: (56) Recv failure: Connection reset by peer
cannot connect to localhost:5605, will retry in 5 sec ..
curl: (56) Recv failure: Connection reset by peer
cannot connect to localhost:5605, will retry in 5 sec ..
curl: (56) Recv failure: Connection reset by peer
cannot connect to localhost:5605, will retry in 5 sec ..
curl: (56) Recv failure: Connection reset by peer
cannot connect to localhost:5605, will retry in 5 sec ..
curl: (56) Recv failure: Connection reset by peer
cannot connect to localhost:5605, will retry in 5 sec ..
curl: (56) Recv failure: Connection reset by peer
cannot connect to localhost:5605, will retry in 5 sec ..
curl: (56) Recv failure: Connection reset by peer
cannot connect to localhost:5605, will retry in 5 sec ..
curl: (22) The requested URL returned error: 503 Service Unavailable
cannot connect to localhost:5605, will retry in 5 sec ..
curl: (22) The requested URL returned error: 503 Service Unavailable
cannot connect to localhost:5605, will retry in 5 sec ..
curl: (22) The requested URL returned error: 503 Service Unavailable
cannot connect to localhost:5605, will retry in 5 sec ..
curl: (22) The requested URL returned error: 503 Service Unavailable
cannot connect to localhost:5605, will retry in 5 sec ..
curl: (22) The requested URL returned error: 503 Service Unavailable
cannot connect to localhost:5605, will retry in 5 sec ..
curl: (22) The requested URL returned error: 503 Service Unavailable
cannot connect to localhost:5605, will retry in 5 sec ..
curl: (22) The requested URL returned error: 503 Service Unavailable
cannot connect to localhost:5605, will retry in 5 sec ..
curl: (22) The requested URL returned error: 503 Service Unavailable
cannot connect to localhost:5605, will retry in 5 sec ..
curl: (22) The requested URL returned error: 503 Service Unavailable
cannot connect to localhost:5605, will retry in 5 sec ..
curl: (22) The requested URL returned error: 503 Service Unavailable
cannot connect to localhost:5605, will retry in 5 sec ..
curl: (22) The requested URL returned error: 503 Service Unavailable
cannot connect to localhost:5605, will retry in 5 sec ..
curl: (22) The requested URL returned error: 503 Service Unavailable
cannot connect to localhost:5605, will retry in 5 sec ..
curl: (22) The requested URL returned error: 503 Service Unavailable
cannot connect to localhost:5605, will retry in 5 sec ..
curl: (22) The requested URL returned error: 503 Service Unavailable
cannot connect to localhost:5605, will retry in 5 sec ..
curl: (22) The requested URL returned error: 503 Service Unavailable
cannot connect to localhost:5605, will retry in 5 sec ..
curl: (22) The requested URL returned error: 503 Service Unavailable
cannot connect to localhost:5605, will retry in 5 sec ..
curl: (22) The requested URL returned error: 503 Service Unavailable
cannot connect to localhost:5605, will retry in 5 sec ..
curl: (22) The requested URL returned error: 503 Service Unavailable
cannot connect to localhost:5605, will retry in 5 sec ..
curl: (22) The requested URL returned error: 503 Service Unavailable
cannot connect to localhost:5605, will retry in 5 sec ..
curl: (56) Recv failure: Connection reset by peer
cannot connect to localhost:5605, will retry in 5 sec ..
installing kibana dashboard to localhost:5605 ..done.
setting default index to siem_alarms ..done
dashboard installed successfully.
Installing index pattern siem-alarm_events from ../kibana/idxpattern-siem_alarm_events.json .. done
kbndashboard-import.sh: line 33: Cannot: command not found
curl: (56) Recv failure: Connection reset by peer
cannot connect to localhost:5605, will retry in 5 sec ..
curl: (56) Recv failure: Connection reset by peer
cannot connect to localhost:5605, will retry in 5 sec ..
curl: (56) Recv failure: Connection reset by peer
cannot connect to localhost:5605, will retry in 5 sec ..
curl: (56) Recv failure: Connection reset by peer
cannot connect to localhost:5605, will retry in 5 sec ..
curl: (56) Recv failure: Connection reset by peer
cannot connect to localhost:5605, will retry in 5 sec ..
curl: (56) Recv failure: Connection reset by peer
cannot connect to localhost:5605, will retry in 5 sec ..
curl: (56) Recv failure: Connection reset by peer
cannot connect to localhost:5605, will retry in 5 sec ..
curl: (56) Recv failure: Connection reset by peer
cannot connect to localhost:5605, will retry in 5 sec ..
curl: (56) Recv failure: Connection reset by peer
cannot connect to localhost:5605, will retry in 5 sec ..
curl: (22) The requested URL returned error: 503 Service Unavailable
cannot connect to localhost:5605, will retry in 5 sec ..
curl: (22) The requested URL returned error: 503 Service Unavailable
cannot connect to localhost:5605, will retry in 5 sec ..
curl: (22) The requested URL returned error: 503 Service Unavailable
cannot connect to localhost:5605, will retry in 5 sec ..
curl: (22) The requested URL returned error: 503 Service Unavailable
cannot connect to localhost:5605, will retry in 5 sec ..
curl: (22) The requested URL returned error: 503 Service Unavailable
cannot connect to localhost:5605, will retry in 5 sec ..
curl: (22) The requested URL returned error: 503 Service Unavailable
cannot connect to localhost:5605, will retry in 5 sec ..
curl: (22) The requested URL returned error: 503 Service Unavailable
cannot connect to localhost:5605, will retry in 5 sec ..
curl: (22) The requested URL returned error: 503 Service Unavailable
cannot connect to localhost:5605, will retry in 5 sec ..
curl: (22) The requested URL returned error: 503 Service Unavailable
cannot connect to localhost:5605, will retry in 5 sec ..
curl: (22) The requested URL returned error: 503 Service Unavailable
cannot connect to localhost:5605, will retry in 5 sec ..
curl: (22) The requested URL returned error: 503 Service Unavailable
cannot connect to localhost:5605, will retry in 5 sec ..
curl: (22) The requested URL returned error: 503 Service Unavailable
cannot connect to localhost:5605, will retry in 5 sec ..
curl: (22) The requested URL returned error: 503 Service Unavailable
cannot connect to localhost:5605, will retry in 5 sec ..
curl: (22) The requested URL returned error: 503 Service Unavailable
cannot connect to localhost:5605, will retry in 5 sec ..
curl: (22) The requested URL returned error: 503 Service Unavailable
cannot connect to localhost:5605, will retry in 5 sec ..
curl: (22) The requested URL returned error: 503 Service Unavailable
cannot connect to localhost:5605, will retry in 5 sec ..
curl: (22) The requested URL returned error: 503 Service Unavailable
cannot connect to localhost:5605, will retry in 5 sec ..
curl: (22) The requested URL returned error: 503 Service Unavailable
cannot connect to localhost:5605, will retry in 5 sec ..
curl: (22) The requested URL returned error: 503 Service Unavailable
cannot connect to localhost:5605, will retry in 5 sec ..
curl: (22) The requested URL returned error: 503 Service Unavailable
cannot connect to localhost:5605, will retry in 5 sec ..
installing kibana dashboard to localhost:5605 ..done.
setting default index to siem_alarms ..done
dashboard installed successfully.
Installing index pattern siem-alarm_events from ../kibana/idxpattern-siem_alarm_events.json .. done
kbndashboard-import.sh: line 33: Cannot: command not found
